Build started 12/28/2014 2:44:30 PM.
     1>Project "F:\Hoc Tap\Bkav\Stu\Code Visual\Win32\Win32Project1\Win32Project1.vcxproj" on node 4 (Build target(s)).
     1>ClCompile:
         C:\Program Files (x86)\Microsoft Visual Studio 11.0\VC\bin\CL.exe /c /ZI /nologo /W3 /WX- /Od /Oy- /D WIN32 /D _DEBUG /D _WINDOWS /D _UNICODE /D UNICODE /Gm /EHsc /RTC1 /MDd /GS /fp:precise /Zc:wchar_t /Zc:forScope /Fo"Debug\\" /Fd"Debug\vc110.pdb" /Gd /TP /analyze- /errorReport:prompt WinMain.cpp
         WinMain.cpp
     1>f:\hoc tap\bkav\stu\code visual\win32\win32project1\winmain.cpp(21): error C2065: 'IDS' : undeclared identifier
     1>f:\hoc tap\bkav\stu\code visual\win32\win32project1\winmain.cpp(32): error C2065: 'IDI_RESFUND2' : undeclared identifier
     1>f:\hoc tap\bkav\stu\code visual\win32\win32project1\winmain.cpp(35): error C2065: 'IDR_MAINFRAME' : undeclared identifier
     1>f:\hoc tap\bkav\stu\code visual\win32\win32project1\winmain.cpp(39): error C2065: 'IDI_RESFUND2' : undeclared identifier
     1>f:\hoc tap\bkav\stu\code visual\win32\win32project1\winmain.cpp(56): error C2664: 'CreateWindowExW' : cannot convert parameter 3 from 'char [40]' to 'LPCWSTR'
                 Types pointed to are unrelated; conversion requires reinterpret_cast, C-style cast or function-style cast
     1>f:\hoc tap\bkav\stu\code visual\win32\win32project1\winmain.cpp(71): error C2065: 'IDM_FILE_NEW' : undeclared identifier
     1>f:\hoc tap\bkav\stu\code visual\win32\win32project1\winmain.cpp(79): error C2065: 'IDM_FILE_OPEN' : undeclared identifier
     1>f:\hoc tap\bkav\stu\code visual\win32\win32project1\winmain.cpp(93): error C2065: 'IDM_ARROW' : undeclared identifier
     1>f:\hoc tap\bkav\stu\code visual\win32\win32project1\winmain.cpp(100): error C2065: 'IDM_DRAW_LINE' : undeclared identifier
     1>f:\hoc tap\bkav\stu\code visual\win32\win32project1\winmain.cpp(107): error C2065: 'IDM_DRAW_RECTANGLE' : undeclared identifier
     1>f:\hoc tap\bkav\stu\code visual\win32\win32project1\winmain.cpp(114): error C2065: 'IDM_DRAW_ELLIPSE' : undeclared identifier
     1>f:\hoc tap\bkav\stu\code visual\win32\win32project1\winmain.cpp(123): error C2065: 'IDB_STANDARD' : undeclared identifier
     1>f:\hoc tap\bkav\stu\code visual\win32\win32project1\winmain.cpp(126): error C2065: 'IDB_STANDARD' : undeclared identifier
     1>Done Building Project "F:\Hoc Tap\Bkav\Stu\Code Visual\Win32\Win32Project1\Win32Project1.vcxproj" (Build target(s)) -- FAILED.

Build FAILED.

Time Elapsed 00:00:02.78
